<?xml version="1.0" encoding="UTF-8" ?>
<testsuite tests="2" failures="0" name="edu.cmu.cs.cs214.medannot.framework.core.AnnotFrameworkTest" time="0.325" errors="0" skipped="0">
  <properties>
[...]
</properties>
  <testcase classname="edu.cmu.cs.cs214.medannot.framework.core.AnnotFrameworkTest" name="testCompatibilityFunctionExpectFalse" time="0.264"/>
  <testcase classname="edu.cmu.cs.cs214.medannot.framework.core.AnnotFrameworkTest" name="testCompabitibilityFunctionExpectTrue" time="0.061"/>
</testsuite>